#
# A fatal error has been detected by the Java Runtime Environment:
#
#  EXCEPTION_ACCESS_VIOLATION (0xc0000005) at pc=0x000001e291431050, pid=9560, tid=11196
#
# JRE version: Java(TM) SE Runtime Environment (21.0.2+13) (build 21.0.2+13-LTS-58)
# Java VM: Java HotSpot(TM) 64-Bit Server VM (21.0.2+13-LTS-58, mixed mode, emulated-client, sharing, tiered, compressed oops, compressed class ptrs, g1 gc, windows-amd64)
# Problematic frame:
# v  ~BufferBlob::MethodHandles adapters 0x000001e291431050
#
# No core dump will be written. Minidumps are not enabled by default on client versions of Windows
#
# If you would like to submit a bug report, please visit:
#   https://bugreport.java.com/bugreport/crash.jsp
#

---------------  S U M M A R Y ------------

Command Line: -XX:+ShowCodeDetailsInExceptionMessages -agentlib:jdwp=transport=dt_socket,suspend=y,address=localhost:57720 -Dcom.sun.management.jmxremote -Dcom.sun.management.jmxremote.port=57719 -Dcom.sun.management.jmxremote.authenticate=false -Dcom.sun.management.jmxremote.ssl=false -Djava.rmi.server.hostname=localhost -Dspring.jmx.enabled=true -Dmanagement.endpoints.jmx.exposure.include=* -Dspring.application.admin.enabled=true -XX:TieredStopAtLevel=1 -Dspring.boot.project.name=WallaSwap5 -javaagent:D:\TFG_TECH\jee-2024-03\eclipse\configuration\org.eclipse.osgi\442\0\.cp\lib\javaagent-shaded.jar -Dfile.encoding=UTF-8 -Dstdout.encoding=UTF-8 -Dstderr.encoding=UTF-8 com.rgelo.wallaswap5.WallaSwap5Application --spring.output.ansi.enabled=always

Host: Intel(R) Core(TM) i7-6700HQ CPU @ 2.60GHz, 8 cores, 15G,  Windows 10 , 64 bit Build 19041 (10.0.19041.3636)
Time: Wed Jun 19 01:14:11 2024 Hora de verano romance elapsed time: 394.264875 seconds (0d 0h 6m 34s)

---------------  T H R E A D  ---------------

Current thread (0x000001e2e2cbc610):  JavaThread "restartedMain"        [_thread_in_Java, id=11196, stack(0x000000786e500000,0x000000786e600000) (1024K)]

Stack: [0x000000786e500000,0x000000786e600000],  sp=0x000000786e5fdb08,  free space=1014k
Native frames: (J=compiled Java code, j=interpreted, Vv=VM code, C=native code)
C  0x000001e291431050

The last pc belongs to _linkToSpecial (printed below).

siginfo: EXCEPTION_ACCESS_VIOLATION (0xc0000005), reading address 0xffffffffffffffff


Registers:
RAX=0x000001e291409086, RBX=0xe11e646000000000, RCX=0x000000786e5fdb10, RDX=0x0000000000000002
RSP=0x000000786e5fdb08, RBP=0x000000786e5fdb58, RSI=0x000001e29ccbfc58, RDI=0x000001e2e58acd60
R8 =0x0000000000000004, R9 =0x0000000000000004, R10=0x00007ffa495cc610, R11=0x000001e29d0b6c70
R12=0x0000000000000000, R13=0x000000786e5fdb08, R14=0x000000786e5fdb78, R15=0x000001e2e2cbc610
RIP=0x000001e291431050, EFLAGS=0x0000000000010202


Register to memory mapping:

RAX=0x000001e291409086 is at code_begin+3078 in an Interpreter codelet
return entry points  [0x000001e291408480, 0x000001e29140a298]  7704 bytes
RBX=0xe11e646000000000 is an unknown value
RCX=0x000000786e5fdb10 is pointing into the stack for thread: 0x000001e2e2cbc610
RDX=0x0000000000000002 is an unknown value
RSP=0x000000786e5fdb08 is pointing into the stack for thread: 0x000001e2e2cbc610
RBP=0x000000786e5fdb58 is pointing into the stack for thread: 0x000001e2e2cbc610
RSI=0x000001e29ccbfc58 points into unknown readable memory: 0x8000390055f67cb2 | b2 7c f6 55 00 39 00 80
RDI=0x000001e2e58acd60 points into unknown readable memory: 0x0000001800000070 | 70 00 00 00 18 00 00 00
R8 =0x0000000000000004 is an unknown value
R9 =0x0000000000000004 is an unknown value
R10=0x00007ffa495cc610 jvm.dll
R11={method} {0x000001e29d0b6c78} 'newInvokeSpecial' '(Ljava/lang/Object;)Ljava/lang/Object;' in 'java/lang/invoke/DirectMethodHandle$Holder'
R12=0x0 is null
R13=0x000000786e5fdb08 is pointing into the stack for thread: 0x000001e2e2cbc610
R14=0x000000786e5fdb78 is pointing into the stack for thread: 0x000001e2e2cbc610
R15=0x000001e2e2cbc610 is a thread

Top of Stack: (sp=0x000000786e5fdb08)
0x000000786e5fdb08:   000001e291409086 000000786e5fdb10
0x000000786e5fdb18:   000001e29d72de87 0000000000000004
0x000000786e5fdb28:   000001e29d0b2128 0000000704b81af8
0x000000786e5fdb38:   0000000701f8f8a0 000001e29d0b6c70
0x000000786e5fdb48:   000000786e5fdb08 000000786e5fdb80
0x000000786e5fdb58:   000000786e5febe0 000001e291839fcb
0x000000786e5fdb68:   0000000708f32208 0000000708f322b0
0x000000786e5fdb78:   0000000708f32268 0000000708f32018
0x000000786e5fdb88:   0000000702403c30 000000786e5febe0
0x000000786e5fdb98:   000001e291d8da8c 000000786e5fdec0
0x000000786e5fdba8:   000001e291b47c54 000000786e5fdec0
0x000000786e5fdbb8:   000001e291b480cc 000000070247f218
0x000000786e5fdbc8:   0000000708f228a8 000001e2e2cbc610
0x000000786e5fdbd8:   00007ffa48fdca44 000000786e5fc490
0x000000786e5fdbe8:   0000000702403c18 0000000702823400
0x000000786e5fdbf8:   0000000701f840b8 0000000704b81af8
0x000000786e5fdc08:   0000000708f31ee0 0000000708f31ee0
0x000000786e5fdc18:   0000000708f32018 0000000708f32298
0x000000786e5fdc28:   0000000708f32070 0000000704b81af8
0x000000786e5fdc38:   0000000000000001 000000786e5febe0
0x000000786e5fdc48:   000001e200000000 0000000000000000
0x000000786e5fdc58:   0000000000000000 0000000708f32268
0x000000786e5fdc68:   000001e29183715c 0000000000000000
0x000000786e5fdc78:   0000000000000000 0000000000000000
0x000000786e5fdc88:   000000786e5fb600 000001e2e2cbc610
0x000000786e5fdc98:   0000000000000000 0000000708f32018
0x000000786e5fdca8:   0000000000000000 0000000708f31ee0
0x000000786e5fdcb8:   0000000708f32298 0000000708f32018
0x000000786e5fdcc8:   0000000000000000 0000000704976200
0x000000786e5fdcd8:   000001e2918394ec 000000786e5febe0
0x000000786e5fdce8:   000001e291835f6a 0000000000000000
0x000000786e5fdcf8:   000001e29177d329 0000000000000000 

Instructions: (pc=0x000001e291431050)
0x000001e291430f50:   bf e0 05 00 00 00 74 03 ff 63 38 ff 63 50 e9 9d
0x000001e291430f60:   16 00 00 66 66 66 0f 1f 84 00 00 00 00 00 66 66
0x000001e291430f70:   66 90 66 66 0f 1f 84 00 00 00 00 00 66 66 66 90
0x000001e291430f80:   48 8b 53 08 0f b7 52 2e 48 8b 0c d4 58 5b 50 44
0x000001e291430f90:   8b 51 08 49 bb 00 00 00 9d e2 01 00 00 4d 03 d3
0x000001e291430fa0:   4c 8b 5b 10 4b 8b 9c da c8 01 00 00 48 85 db 0f
0x000001e291430fb0:   84 10 00 00 00 41 80 bf e0 05 00 00 00 74 03 ff
0x000001e291430fc0:   63 38 ff 63 50 e9 36 16 00 00 66 66 66 0f 1f 84
0x000001e291430fd0:   00 00 00 00 00 66 66 66 90 0f 1f 80 00 00 00 00
0x000001e291430fe0:   58 5b 50 8b 5b 24 48 c1 e3 03 48 8b 5b 10 48 85
0x000001e291430ff0:   db 0f 84 10 00 00 00 41 80 bf e0 05 00 00 00 74
0x000001e291431000:   03 ff 63 38 ff 63 50 e9 f4 15 00 00 66 66 66 0f
0x000001e291431010:   1f 84 00 00 00 00 00 66 66 66 90 0f 1f 44 00 00
0x000001e291431020:   48 8b 53 08 0f b7 52 2e 48 8b 0c d4 58 5b 50 48
0x000001e291431030:   3b 01 8b 5b 24 48 c1 e3 03 48 8b 5b 10 48 85 db
0x000001e291431040:   0f 84 10 00 00 00 41 80 bf e0 05 00 00 00 74 03
0x000001e291431050:   ff 63 38 ff 63 50 e9 a5 15 00 00 0f 1f 44 00 00
0x000001e291431060:   48 8b 53 08 0f b7 52 2e 48 8b 0c d4 58 5b 50 44
0x000001e291431070:   8b 51 08 49 bb 00 00 00 9d e2 01 00 00 4d 03 d3
0x000001e291431080:   8b 43 18 48 c1 e0 03 48 8b 40 10 48 8b 5b 10 45
0x000001e291431090:   8b 9a a0 00 00 00 4f 8d 9c da c8 01 00 00 4d 8d
0x000001e2914310a0:   14 da 49 8b 1b 48 3b c3 74 15 48 85 db 0f 84 32
0x000001e2914310b0:   00 00 00 49 83 c3 10 49 8b 1b 48 3b c3 75 eb 45
0x000001e2914310c0:   8b 5b 08 4b 8b 1c 1a 48 85 db 0f 84 10 00 00 00
0x000001e2914310d0:   41 80 bf e0 05 00 00 00 74 03 ff 63 38 ff 63 50
0x000001e2914310e0:   e9 1b 15 00 00 e9 16 12 00 00 f4 00 00 00 00 00
0x000001e2914310f0:   00 00 00 00 00 00 00 00 00 00 00 00 00 00 00 00
0x000001e291431100:   00 00 00 00 00 00 00 00 00 00 00 00 00 00 00 00
0x000001e291431110:   00 00 00 00 00 00 00 00 00 00 00 00 00 00 00 00
0x000001e291431120:   00 00 00 00 00 00 00 00 00 00 00 00 00 00 00 00
0x000001e291431130:   00 00 00 00 00 00 00 00 00 00 00 00 00 00 00 00
0x000001e291431140:   00 00 00 00 00 00 00 00 00 00 00 00 00 00 00 00 


Stack slot to memory mapping:

stack at sp + 0 slots: 0x000001e291409086 is at code_begin+3078 in an Interpreter codelet
return entry points  [0x000001e291408480, 0x000001e29140a298]  7704 bytes
stack at sp + 1 slots: 0x000000786e5fdb10 is pointing into the stack for thread: 0x000001e2e2cbc610
stack at sp + 2 slots: 0x000001e29d72de87 is pointing into metadata
stack at sp + 3 slots: 0x0000000000000004 is an unknown value
stack at sp + 4 slots: 0x000001e29d0b2128 is pointing into metadata
stack at sp + 5 slots: 0x0000000704b81af8 is an oop: java.lang.Class 
{0x0000000704b81af8} - klass: 'java/lang/Class'
 - ---- fields (total size 14 words):
 - private volatile transient 'classRedefinedCount' 'I' @12  1 (0x00000001)
 - injected 'klass' 'J' @16  2072837128712 (0x000001e29eb88208)
 - injected 'array_klass' 'J' @24  0 (0x0000000000000000)
 - injected 'oop_size' 'I' @32  14 (0x0000000e)
 - injected 'static_oop_field_count' 'I' @36  0 (0x00000000)
 - private volatile transient 'cachedConstructor' 'Ljava/lang/reflect/Constructor;' @40  null (0x00000000)
 - private transient 'name' 'Ljava/lang/String;' @44  "com.rgelo.wallaswap5.controller.MensajeController"{0x0000000704b81b68} (0xe097036d)
 - private transient 'module' 'Ljava/lang/Module;' @48  a 'java/lang/Module'{0x0000000704a9ca90} (0xe0953952)
 - private final 'classLoader' 'Ljava/lang/ClassLoader;' @52  a 'org/springframework/boot/devtools/restart/classloader/RestartClassLoader'{0x0000000704a1f4c8} (0xe0943e99)
 - private transient 'classData' 'Ljava/lang/Object;' @56  null (0x00000000)
 - private transient 'packageName' 'Ljava/lang/String;' @60  "com.rgelo.wallaswap5.controller"{0x0000000702807198} (0xe0500e33)
 - private final 'componentType' 'Ljava/lang/Class;' @64  null (0x00000000)
 - private volatile transient 'reflectionData' 'Ljava/lang/ref/SoftReference;' @68  a 'java/lang/ref/SoftReference'{0x0000000704b81bc8} (0xe0970379)
 - private volatile transient 'genericInfo' 'Lsun/reflect/generics/repository/ClassRepository;' @72  null (0x00000000)
 - private volatile transient 'enumConstants' '[Ljava/lang/Object;' @76  null (0x00000000)
 - private volatile transient 'enumConstantDirectory' 'Ljava/util/Map;' @80  null (0x00000000)
 - private volatile transient 'annotationData' 'Ljava/lang/Class$AnnotationData;' @84  a 'java/lang/Class$AnnotationData'{0x0000000704b81c40} (0xe0970388)
 - private volatile transient 'annotationType' 'Lsun/reflect/annotation/AnnotationType;' @88  null (0x00000000)
 - transient 'classValueMap' 'Ljava/lang/ClassValue$ClassValueMap;' @92  null (0x00000000)
 - injected 'protection_domain' 'Ljava/lang/Object;' @96  a 'java/security/ProtectionDomain'{0x0000000704a20ad8} (0xe094415b)
 - injected 'signers_name' 'Ljava/lang/Object;' @100  null (0x00000000)
 - injected 'source_file' 'Ljava/lang/Object;' @104  null (0x00000000)
 - signature: Lcom/rgelo/wallaswap5/controller/MensajeController;
 - ---- static fields (0):
stack at sp + 6 slots: 0x0000000701f8f8a0 is an oop: java.lang.Class 
{0x0000000701f8f8a0} - klass: 'java/lang/Class'
 - ---- fields (total size 14 words):
 - private volatile transient 'classRedefinedCount' 'I' @12  0 (0x00000000)
 - injected 'klass' 'J' @16  2072808987896 (0x000001e29d0b1cf8)
 - injected 'array_klass' 'J' @24  0 (0x0000000000000000)
 - injected 'oop_size' 'I' @32  14 (0x0000000e)
 - injected 'static_oop_field_count' 'I' @36  0 (0x00000000)
 - private volatile transient 'cachedConstructor' 'Ljava/lang/reflect/Constructor;' @40  null (0x00000000)
 - private transient 'name' 'Ljava/lang/String;' @44  null (0x00000000)
 - private transient 'module' 'Ljava/lang/Module;' @48  a 'java/lang/Module'{0x0000000701f70ce8} (0xe03ee19d)
 - private final 'classLoader' 'Ljava/lang/ClassLoader;' @52  null (0x00000000)
 - private transient 'classData' 'Ljava/lang/Object;' @56  null (0x00000000)
 - private transient 'packageName' 'Ljava/lang/String;' @60  null (0x00000000)
 - private final 'componentType' 'Ljava/lang/Class;' @64  null (0x00000000)
 - private volatile transient 'reflectionData' 'Ljava/lang/ref/SoftReference;' @68  null (0x00000000)
 - private volatile transient 'genericInfo' 'Lsun/reflect/generics/repository/ClassRepository;' @72  null (0x00000000)
 - private volatile transient 'enumConstants' '[Ljava/lang/Object;' @76  null (0x00000000)
 - private volatile transient 'enumConstantDirectory' 'Ljava/util/Map;' @80  null (0x00000000)
 - private volatile transient 'annotationData' 'Ljava/lang/Class$AnnotationData;' @84  null (0x00000000)
 - private volatile transient 'annotationType' 'Lsun/reflect/annotation/AnnotationType;' @88  null (0x00000000)
 - transient 'classValueMap' 'Ljava/lang/ClassValue$ClassValueMap;' @92  null (0x00000000)
 - injected 'protection_domain' 'Ljava/lang/Object;' @96  null (0x00000000)
 - injected 'signers_name' 'Ljava/lang/Object;' @100  null (0x00000000)
 - injected 'source_file' 'Ljava/lang/Object;' @104  null (0x00000000)
 - signature: Ljava/lang/invoke/DirectMethodHandle$Holder;
 - ---- static fields (0):
stack at sp + 7 slots: {method} {0x000001e29d0b6c78} 'newInvokeSpecial' '(Ljava/lang/Object;)Ljava/lang/Object;' in 'java/lang/invoke/DirectMethodHandle$Holder'

MethodHandle::interpreter_entry::_linkToSpecial [0x000001e29143100c, 0x000001e29143105b] (79 bytes)
[MachCode]
  0x000001e29143100c: 6666 660f | 1f84 0000 | 0000 0066 | 6666 900f | 1f44 0000 | 488b 5308 | 0fb7 522e | 488b 0cd4 
  0x000001e29143102c: 585b 5048 | 3b01 8b5b | 2448 c1e3 | 0348 8b5b | 1048 85db | 0f84 1000 | 0000 4180 | bfe0 0500 
  0x000001e29143104c: 0000 7403 | ff63 38ff | 6350 e9a5 | 
[/MachCode]

---------------  P R O C E S S  ---------------

Threads class SMR info:
_java_thread_list=0x000001e2ea650b60, length=37, elements={
0x000001e29c763ea0, 0x000001e29c7649d0, 0x000001e29c765860, 0x000001e29c769150,
0x000001e29c7697c0, 0x000001e29c76de40, 0x000001e29c76f1f0, 0x000001e29c9aafd0,
0x000001e29ca39260, 0x000001e29ca57bd0, 0x000001e29ca5e380, 0x000001e29c9a7b50,
0x000001e29c9aa940, 0x000001e29c9a81e0, 0x000001e29c9aa2b0, 0x000001e29c9a8f00,
0x000001e29c9a9590, 0x000001e29c9a9c20, 0x000001e2e2cbb8f0, 0x000001e2e58b4ea0,
0x000001e2e58b3460, 0x000001e2e2cba540, 0x000001e2e2cbc610, 0x000001e2e2cbabd0,
0x000001e2e2cb8470, 0x000001e2e2cb9190, 0x000001e2e2cb63a0, 0x000001e2e2cb70c0,
0x000001e2e2cb8b00, 0x000001e2e2cb9eb0, 0x000001e2e2cbbf80, 0x000001e2e2cb7750,
0x000001e2e2cb5d10, 0x000001e2e2cbb260, 0x000001e2e2cb7de0, 0x000001e2e2cb9820,
0x000001e2e2cb5680
}

Java Threads: ( => current thread )
  0x000001e29c763ea0 JavaThread "Reference Handler"          daemon [_thread_blocked, id=12576, stack(0x000000786dd00000,0x000000786de00000) (1024K)]
  0x000001e29c7649d0 JavaThread "Finalizer"                  daemon [_thread_blocked, id=15856, stack(0x000000786de00000,0x000000786df00000) (1024K)]
  0x000001e29c765860 JavaThread "Signal Dispatcher"          daemon [_thread_blocked, id=16632, stack(0x000000786df00000,0x000000786e000000) (1024K)]
  0x000001e29c769150 JavaThread "Attach Listener"            daemon [_thread_blocked, id=9952, stack(0x000000786e000000,0x000000786e100000) (1024K)]
  0x000001e29c7697c0 JavaThread "Service Thread"             daemon [_thread_blocked, id=9352, stack(0x000000786e100000,0x000000786e200000) (1024K)]
  0x000001e29c76de40 JavaThread "Monitor Deflation Thread"   daemon [_thread_blocked, id=420, stack(0x000000786e200000,0x000000786e300000) (1024K)]
  0x000001e29c76f1f0 JavaThread "C1 CompilerThread0"         daemon [_thread_blocked, id=14684, stack(0x000000786e300000,0x000000786e400000) (1024K)]
  0x000001e29c9aafd0 JavaThread "Common-Cleaner"             daemon [_thread_blocked, id=876, stack(0x000000786e400000,0x000000786e500000) (1024K)]
  0x000001e29ca39260 JavaThread "JDWP Transport Listener: dt_socket" daemon [_thread_blocked, id=992, stack(0x000000786e800000,0x000000786e900000) (1024K)]
  0x000001e29ca57bd0 JavaThread "JDWP Event Helper Thread"   daemon [_thread_blocked, id=18784, stack(0x000000786e900000,0x000000786ea00000) (1024K)]
  0x000001e29ca5e380 JavaThread "JDWP Command Reader"        daemon [_thread_blocked, id=18644, stack(0x000000786ea00000,0x000000786eb00000) (1024K)]
  0x000001e29c9a7b50 JavaThread "Notification Thread"        daemon [_thread_blocked, id=13484, stack(0x000000786eb00000,0x000000786ec00000) (1024K)]
  0x000001e29c9aa940 JavaThread "RMI TCP Accept-0"           daemon [_thread_in_native, id=9712, stack(0x000000786ec00000,0x000000786ed00000) (1024K)]
  0x000001e29c9a81e0 JavaThread "RMI TCP Accept-57719"       daemon [_thread_in_native, id=4060, stack(0x000000786f400000,0x000000786f500000) (1024K)]
  0x000001e29c9aa2b0 JavaThread "RMI TCP Accept-0"           daemon [_thread_in_native, id=8864, stack(0x000000786f500000,0x000000786f600000) (1024K)]
  0x000001e29c9a8f00 JavaThread "RMI Scheduler(0)"           daemon [_thread_blocked, id=8512, stack(0x000000786f700000,0x000000786f800000) (1024K)]
  0x000001e29c9a9590 JavaThread "RMI TCP Connection(idle)"   daemon [_thread_blocked, id=13688, stack(0x000000786f800000,0x000000786f900000) (1024K)]
  0x000001e29c9a9c20 JavaThread "JMX server connection timeout 38" daemon [_thread_blocked, id=12636, stack(0x000000786f900000,0x000000786fa00000) (1024K)]
  0x000001e2e2cbb8f0 JavaThread "mysql-cj-abandoned-connection-cleanup" daemon [_thread_blocked, id=18668, stack(0x0000007870a00000,0x0000007870b00000) (1024K)]
  0x000001e2e58b4ea0 JavaThread "Live Reload Server"         daemon [_thread_in_native, id=16416, stack(0x0000007871000000,0x0000007871100000) (1024K)]
  0x000001e2e58b3460 JavaThread "DestroyJavaVM"                     [_thread_blocked, id=16232, stack(0x000000786d500000,0x000000786d600000) (1024K)]
  0x000001e2e2cba540 JavaThread "Thread-7"                          [_thread_blocked, id=12584, stack(0x000000786d300000,0x000000786d400000) (1024K)]
=>0x000001e2e2cbc610 JavaThread "restartedMain"                     [_thread_in_Java, id=11196, stack(0x000000786e500000,0x000000786e600000) (1024K)]
  0x000001e2e2cbabd0 JavaThread "Catalina-utility-1"                [_thread_blocked, id=19080, stack(0x000000786e600000,0x000000786e700000) (1024K)]
  0x000001e2e2cb8470 JavaThread "http-nio-8080-exec-1"       daemon [_thread_blocked, id=5916, stack(0x000000786e700000,0x000000786e800000) (1024K)]
  0x000001e2e2cb9190 JavaThread "http-nio-8080-exec-2"       daemon [_thread_blocked, id=5060, stack(0x000000786f600000,0x000000786f700000) (1024K)]
  0x000001e2e2cb63a0 JavaThread "http-nio-8080-exec-3"       daemon [_thread_blocked, id=2836, stack(0x000000786fa00000,0x000000786fb00000) (1024K)]
  0x000001e2e2cb70c0 JavaThread "Catalina-utility-2"                [_thread_blocked, id=7396, stack(0x000000786fb00000,0x000000786fc00000) (1024K)]
  0x000001e2e2cb8b00 JavaThread "http-nio-8080-exec-4"       daemon [_thread_blocked, id=15964, stack(0x000000786fc00000,0x000000786fd00000) (1024K)]
  0x000001e2e2cb9eb0 JavaThread "http-nio-8080-exec-5"       daemon [_thread_blocked, id=18224, stack(0x000000786fe00000,0x000000786ff00000) (1024K)]
  0x000001e2e2cbbf80 JavaThread "http-nio-8080-exec-6"       daemon [_thread_blocked, id=17700, stack(0x000000786ff00000,0x0000007870000000) (1024K)]
  0x000001e2e2cb7750 JavaThread "http-nio-8080-exec-7"       daemon [_thread_blocked, id=4724, stack(0x0000007870000000,0x0000007870100000) (1024K)]
  0x000001e2e2cb5d10 JavaThread "http-nio-8080-exec-8"       daemon [_thread_blocked, id=2012, stack(0x0000007870100000,0x0000007870200000) (1024K)]
  0x000001e2e2cbb260 JavaThread "http-nio-8080-exec-9"       daemon [_thread_blocked, id=18780, stack(0x0000007870200000,0x0000007870300000) (1024K)]
  0x000001e2e2cb7de0 JavaThread "http-nio-8080-exec-10"      daemon [_thread_blocked, id=17508, stack(0x0000007870300000,0x0000007870400000) (1024K)]
  0x000001e2e2cb9820 JavaThread "container-0"                       [_thread_blocked, id=19072, stack(0x0000007870400000,0x0000007870500000) (1024K)]
  0x000001e2e2cb5680 JavaThread "HikariPool-3 housekeeper"   daemon [_thread_blocked, id=15304, stack(0x0000007870500000,0x0000007870600000) (1024K)]
Total: 37

Other Threads:
  0x000001e29c740ef0 VMThread "VM Thread"                           [id=14148, stack(0x000000786dc00000,0x000000786dd00000) (1024K)] _threads_hazard_ptr=0x000001e2ea650b60
  0x000001e29c72bc50 WatcherThread "VM Periodic Task Thread"        [id=13600, stack(0x000000786db00000,0x000000786dc00000) (1024K)]
  0x000001e287830b80 WorkerThread "GC Thread#0"                     [id=15544, stack(0x000000786d600000,0x000000786d700000) (1024K)]
  0x000001e2e2795220 WorkerThread "GC Thread#1"                     [id=14588, stack(0x000000786ed00000,0x000000786ee00000) (1024K)]
  0x000001e2e27955c0 WorkerThread "GC Thread#2"                     [id=14692, stack(0x000000786ee00000,0x000000786ef00000) (1024K)]
  0x000001e2e2795960 WorkerThread "GC Thread#3"                     [id=6112, stack(0x000000786ef00000,0x000000786f000000) (1024K)]
  0x000001e2e2795d00 WorkerThread "GC Thread#4"                     [id=7464, stack(0x000000786f000000,0x000000786f100000) (1024K)]
  0x000001e2e27960a0 WorkerThread "GC Thread#5"                     [id=1352, stack(0x000000786f100000,0x000000786f200000) (1024K)]
  0x000001e2e27e0930 WorkerThread "GC Thread#6"                     [id=7484, stack(0x000000786f200000,0x000000786f300000) (1024K)]
  0x000001e2e27e0cd0 WorkerThread "GC Thread#7"                     [id=3424, stack(0x000000786f300000,0x000000786f400000) (1024K)]
  0x000001e287842200 ConcurrentGCThread "G1 Main Marker"            [id=2712, stack(0x000000786d700000,0x000000786d800000) (1024K)]
  0x000001e287842c10 WorkerThread "G1 Conc#0"                       [id=6976, stack(0x000000786d800000,0x000000786d900000) (1024K)]
  0x000001e2e2d372c0 WorkerThread "G1 Conc#1"                       [id=1900, stack(0x000000786fd00000,0x000000786fe00000) (1024K)]
  0x000001e29c5e8520 ConcurrentGCThread "G1 Refine#0"               [id=16804, stack(0x000000786d900000,0x000000786da00000) (1024K)]
  0x000001e29c5eaac0 ConcurrentGCThread "G1 Service"                [id=10292, stack(0x000000786da00000,0x000000786db00000) (1024K)]
Total: 15

Threads with active compile tasks:
Total: 0

VM state: synchronizing (normal execution)

VM Mutex/Monitor currently owned by a thread:  ([mutex/lock_event])
[0x00007ffa495bcd68] Threads_lock - owner thread: 0x000001e29c740ef0

Heap address: 0x0000000701c00000, size: 4068 MB, Compressed Oops mode: Zero based, Oop shift amount: 3

CDS archive(s) mapped at: [0x000001e29d000000-0x000001e29dc90000-0x000001e29dc90000), size 13172736, SharedBaseAddress: 0x000001e29d000000, ArchiveRelocationMode: 1.
Compressed class space mapped at: 0x000001e29e000000-0x000001e2de000000, reserved size: 1073741824
Narrow klass base: 0x000001e29d000000, Narrow klass shift: 0, Narrow klass range: 0x100000000

GC Precious Log:
 CardTable entry size: 512
 Card Set container configuration: InlinePtr #cards 4 size 8 Array Of Cards #cards 16 size 48 Howl #buckets 8 coarsen threshold 3686 Howl Bitmap #cards 512 size 80 coarsen threshold 460 Card regions per heap region 1 cards per card region 4096
 CPUs: 8 total, 8 available
 Memory: 16270M
 Large Page Support: Disabled
 NUMA Support: Disabled
 Compressed Oops: Enabled (Zero based)
 Heap Region Size: 2M
 Heap Min Capacity: 8M
 Heap Initial Capacity: 256M
 Heap Max Capacity: 4068M
 Pre-touch: Disabled
 Parallel Workers: 8
 Concurrent Workers: 2
 Concurrent Refinement Workers: 8
 Periodic GC: Disabled

Heap:
 garbage-first heap   total 122880K, used 42553K [0x0000000701c00000, 0x0000000800000000)
  region size 2048K, 7 young (14336K), 3 survivors (6144K)
 Metaspace       used 89152K, committed 90176K, reserved 1179648K
  class space    used 12213K, committed 12672K, reserved 1048576K

Heap Regions: E=young(eden), S=young(survivor), O=old, HS=humongous(starts), HC=humongous(continues), CS=collection set, F=free, TAMS=top-at-mark-start, PB=parsable bottom
|   0|0x0000000701c00000, 0x0000000701e00000, 0x0000000701e00000|100%| O|  |TAMS 0x0000000701c00000| PB 0x0000000701c00000| Untracked 
|   1|0x0000000701e00000, 0x0000000701ffffe0, 0x0000000702000000| 99%| O|  |TAMS 0x0000000701e00000| PB 0x0000000701e00000| Untracked 
|   2|0x0000000702000000, 0x0000000702200000, 0x0000000702200000|100%| O|  |TAMS 0x0000000702000000| PB 0x0000000702000000| Untracked 
|   3|0x0000000702200000, 0x00000007023fffa8, 0x0000000702400000| 99%| O|  |TAMS 0x0000000702200000| PB 0x0000000702200000| Untracked 
|   4|0x0000000702400000, 0x00000007025fffe0, 0x0000000702600000| 99%| O|  |TAMS 0x0000000702400000| PB 0x0000000702400000| Untracked 
|   5|0x0000000702600000, 0x00000007027fffe8, 0x0000000702800000| 99%| O|  |TAMS 0x0000000702600000| PB 0x0000000702600000| Untracked 
|   6|0x0000000702800000, 0x00000007029ffff8, 0x0000000702a00000| 99%| O|  |TAMS 0x0000000702800000| PB 0x0000000702800000| Untracked 
|   7|0x0000000702a00000, 0x0000000702bfffd0, 0x0000000702c00000| 99%| O|  |TAMS 0x0000000702a00000| PB 0x0000000702a00000| Untracked 
|   8|0x0000000702c00000, 0x0000000702dffff8, 0x0000000702e00000| 99%| O|  |TAMS 0x0000000702c00000| PB 0x0000000702c00000| Untracked 
|   9|0x0000000702e00000, 0x0000000703000000, 0x0000000703000000|100%| O|  |TAMS 0x0000000702e00000| PB 0x0000000702e00000| Untracked 
|  10|0x0000000703000000, 0x0000000703200000, 0x0000000703200000|100%| O|  |TAMS 0x0000000703000000| PB 0x0000000703000000| Untracked 
|  11|0x0000000703200000, 0x00000007033e6ed0, 0x0000000703400000| 95%| O|  |TAMS 0x0000000703200000| PB 0x0000000703200000| Untracked 
|  12|0x0000000703400000, 0x000000070354ec30, 0x0000000703600000| 65%| O|  |TAMS 0x0000000703400000| PB 0x0000000703400000| Untracked 
|  13|0x0000000703600000, 0x00000007037fffd8, 0x0000000703800000| 99%| O|  |TAMS 0x0000000703600000| PB 0x0000000703600000| Untracked 
|  14|0x0000000703800000, 0x00000007039fffd0, 0x0000000703a00000| 99%| O|  |TAMS 0x0000000703800000| PB 0x0000000703800000| Untracked 
|  15|0x0000000703a00000, 0x0000000703b054f8, 0x0000000703c00000| 51%| O|  |TAMS 0x0000000703a00000| PB 0x0000000703a00000| Untracked 
|  16|0x0000000703c00000, 0x0000000703c00000, 0x0000000703e00000|  0%| F|  |TAMS 0x0000000703c00000| PB 0x0000000703c00000| Untracked 
|  17|0x0000000703e00000, 0x0000000703e00000, 0x0000000704000000|  0%| F|  |TAMS 0x0000000703e00000| PB 0x0000000703e00000| Untracked 
|  18|0x0000000704000000, 0x0000000704014670, 0x0000000704200000|  3%| O|Cm|TAMS 0x0000000704000000| PB 0x0000000704000000| Complete 
|  19|0x0000000704200000, 0x0000000704244e38, 0x0000000704400000| 13%| O|  |TAMS 0x0000000704200000| PB 0x0000000704200000| Untracked 
|  20|0x0000000704400000, 0x0000000704400000, 0x0000000704600000|  0%| F|  |TAMS 0x0000000704400000| PB 0x0000000704400000| Untracked 
|  21|0x0000000704600000, 0x00000007046fa240, 0x0000000704800000| 48%| S|CS|TAMS 0x0000000704600000| PB 0x0000000704600000| Complete 
|  22|0x0000000704800000, 0x0000000704a00000, 0x0000000704a00000|100%| S|CS|TAMS 0x0000000704800000| PB 0x0000000704800000| Complete 
|  23|0x0000000704a00000, 0x0000000704c00000, 0x0000000704c00000|100%| S|CS|TAMS 0x0000000704a00000| PB 0x0000000704a00000| Complete 
|  24|0x0000000704c00000, 0x0000000704c00000, 0x0000000704e00000|  0%| F|  |TAMS 0x0000000704c00000| PB 0x0000000704c00000| Untracked 
|  25|0x0000000704e00000, 0x0000000704e00000, 0x0000000705000000|  0%| F|  |TAMS 0x0000000704e00000| PB 0x0000000704e00000| Untracked 
|  26|0x0000000705000000, 0x0000000705000000, 0x0000000705200000|  0%| F|  |TAMS 0x0000000705000000| PB 0x0000000705000000| Untracked 
|  27|0x0000000705200000, 0x0000000705200000, 0x0000000705400000|  0%| F|  |TAMS 0x0000000705200000| PB 0x0000000705200000| Untracked 
|  28|0x0000000705400000, 0x0000000705400000, 0x0000000705600000|  0%| F|  |TAMS 0x0000000705400000| PB 0x0000000705400000| Untracked 
|  29|0x0000000705600000, 0x0000000705600000, 0x0000000705800000|  0%| F|  |TAMS 0x0000000705600000| PB 0x0000000705600000| Untracked 
|  30|0x0000000705800000, 0x0000000705800000, 0x0000000705a00000|  0%| F|  |TAMS 0x0000000705800000| PB 0x0000000705800000| Untracked 
|  31|0x0000000705a00000, 0x0000000705a00000, 0x0000000705c00000|  0%| F|  |TAMS 0x0000000705a00000| PB 0x0000000705a00000| Untracked 
|  32|0x0000000705c00000, 0x0000000705c00000, 0x0000000705e00000|  0%| F|  |TAMS 0x0000000705c00000| PB 0x0000000705c00000| Untracked 
|  33|0x0000000705e00000, 0x0000000705e00000, 0x0000000706000000|  0%| F|  |TAMS 0x0000000705e00000| PB 0x0000000705e00000| Untracked 
|  34|0x0000000706000000, 0x0000000706000000, 0x0000000706200000|  0%| F|  |TAMS 0x0000000706000000| PB 0x0000000706000000| Untracked 
|  35|0x0000000706200000, 0x0000000706200000, 0x0000000706400000|  0%| F|  |TAMS 0x0000000706200000| PB 0x0000000706200000| Untracked 
|  36|0x0000000706400000, 0x0000000706400000, 0x0000000706600000|  0%| F|  |TAMS 0x0000000706400000| PB 0x0000000706400000| Untracked 
|  37|0x0000000706600000, 0x0000000706600000, 0x0000000706800000|  0%| F|  |TAMS 0x0000000706600000| PB 0x0000000706600000| Untracked 
|  38|0x0000000706800000, 0x0000000706800000, 0x0000000706a00000|  0%| F|  |TAMS 0x0000000706800000| PB 0x0000000706800000| Untracked 
|  39|0x0000000706a00000, 0x0000000706a00000, 0x0000000706c00000|  0%| F|  |TAMS 0x0000000706a00000| PB 0x0000000706a00000| Untracked 
|  40|0x0000000706c00000, 0x0000000706c00000, 0x0000000706e00000|  0%| F|  |TAMS 0x0000000706c00000| PB 0x0000000706c00000| Untracked 
|  41|0x0000000706e00000, 0x0000000706e00000, 0x0000000707000000|  0%| F|  |TAMS 0x0000000706e00000| PB 0x0000000706e00000| Untracked 
|  42|0x0000000707000000, 0x0000000707000000, 0x0000000707200000|  0%| F|  |TAMS 0x0000000707000000| PB 0x0000000707000000| Untracked 
|  43|0x0000000707200000, 0x0000000707200000, 0x0000000707400000|  0%| F|  |TAMS 0x0000000707200000| PB 0x0000000707200000| Untracked 
|  44|0x0000000707400000, 0x0000000707400000, 0x0000000707600000|  0%| F|  |TAMS 0x0000000707400000| PB 0x0000000707400000| Untracked 
|  45|0x0000000707600000, 0x0000000707600000, 0x0000000707800000|  0%| F|  |TAMS 0x0000000707600000| PB 0x0000000707600000| Untracked 
|  46|0x0000000707800000, 0x0000000707800000, 0x0000000707a00000|  0%| F|  |TAMS 0x0000000707800000| PB 0x0000000707800000| Untracked 
|  47|0x0000000707a00000, 0x0000000707a00000, 0x0000000707c00000|  0%| F|  |TAMS 0x0000000707a00000| PB 0x0000000707a00000| Untracked 
|  48|0x0000000707c00000, 0x0000000707c00000, 0x0000000707e00000|  0%| F|  |TAMS 0x0000000707c00000| PB 0x0000000707c00000| Untracked 
|  49|0x0000000707e00000, 0x0000000707e00000, 0x0000000708000000|  0%| F|  |TAMS 0x0000000707e00000| PB 0x0000000707e00000| Untracked 
|  50|0x0000000708000000, 0x0000000708000000, 0x0000000708200000|  0%| F|  |TAMS 0x0000000708000000| PB 0x0000000708000000| Untracked 
|  51|0x0000000708200000, 0x0000000708200000, 0x0000000708400000|  0%| F|  |TAMS 0x0000000708200000| PB 0x0000000708200000| Untracked 
|  52|0x0000000708400000, 0x0000000708400000, 0x0000000708600000|  0%| F|  |TAMS 0x0000000708400000| PB 0x0000000708400000| Untracked 
|  53|0x0000000708600000, 0x0000000708600000, 0x0000000708800000|  0%| F|  |TAMS 0x0000000708600000| PB 0x0000000708600000| Untracked 
|  54|0x0000000708800000, 0x0000000708800000, 0x0000000708a00000|  0%| F|  |TAMS 0x0000000708800000| PB 0x0000000708800000| Untracked 
|  55|0x0000000708a00000, 0x0000000708a00000, 0x0000000708c00000|  0%| F|  |TAMS 0x0000000708a00000| PB 0x0000000708a00000| Untracked 
|  56|0x0000000708c00000, 0x0000000708df67f0, 0x0000000708e00000| 98%| E|  |TAMS 0x0000000708c00000| PB 0x0000000708c00000| Complete 
|  57|0x0000000708e00000, 0x0000000709000000, 0x0000000709000000|100%| E|CS|TAMS 0x0000000708e00000| PB 0x0000000708e00000| Complete 
|  58|0x0000000709000000, 0x0000000709200000, 0x0000000709200000|100%| E|CS|TAMS 0x0000000709000000| PB 0x0000000709000000| Complete 
|  59|0x0000000709200000, 0x0000000709400000, 0x0000000709400000|100%| E|CS|TAMS 0x0000000709200000| PB 0x0000000709200000| Complete 

Card table byte_map: [0x000001e295500000,0x000001e295d00000] _byte_map_base: 0x000001e291cf2000

Marking Bits: (CMBitMap*) 0x000001e287831190
 Bits: [0x000001e295d00000, 0x000001e299c90000)

Polling page: 0x000001e2913e0000

Metaspace:

Usage:
  Non-class:     75.14 MB used.
      Class:     11.93 MB used.
       Both:     87.06 MB used.

Virtual space:
  Non-class space:      128.00 MB reserved,      75.69 MB ( 59%) committed,  2 nodes.
      Class space:        1.00 GB reserved,      12.38 MB (  1%) committed,  1 nodes.
             Both:        1.12 GB reserved,      88.06 MB (  8%) committed. 

Chunk freelists:
   Non-Class:  4.29 MB
       Class:  3.62 MB
        Both:  7.91 MB

MaxMetaspaceSize: unlimited
CompressedClassSpaceSize: 1.00 GB
Initial GC threshold: 21.00 MB
Current GC threshold: 146.50 MB
CDS: on
 - commit_granule_bytes: 65536.
 - commit_granule_words: 8192.
 - virtual_space_node_default_size: 8388608.
 - enlarge_chunks_in_place: 1.
 - use_allocation_guard: 0.


Internal statistics:

num_allocs_failed_limit: 12.
num_arena_births: 1252.
num_arena_deaths: 458.
num_vsnodes_births: 3.
num_vsnodes_deaths: 0.
num_space_committed: 1409.
num_space_uncommitted: 0.
num_chunks_returned_to_freelist: 544.
num_chunks_taken_from_freelist: 4380.
num_chunk_merges: 145.
num_chunk_splits: 3156.
num_chunks_enlarged: 2460.
num_inconsistent_stats: 0.

CodeCache: size=49152Kb used=18349Kb max_used=19385Kb free=30802Kb
 bounds [0x000001e291400000, 0x000001e292700000, 0x000001e294400000]
 total_blobs=9742 nmethods=8944 adapters=721
 compilation: enabled
              stopped_count=0, restarted_count=0
 full_count=0

Compilation events (20 events):
Event: 375.891 Thread 0x000001e2e5a19e50 nmethod 10897 0x000001e29267bf90 code [0x000001e29267c140, 0x000001e29267c260]
Event: 375.891 Thread 0x000001e2e5a19e50 10898       1       sun.security.ssl.HandshakeHash$CloneableHash::update (11 bytes)
Event: 375.891 Thread 0x000001e2e5a19e50 nmethod 10898 0x000001e29267bc10 code [0x000001e29267bdc0, 0x000001e29267bee0]
Event: 375.891 Thread 0x000001e2e5a19e50 10899       1       sun.security.util.KnownOIDs::findMatch (57 bytes)
Event: 375.891 Thread 0x000001e2e5a19e50 nmethod 10899 0x000001e29267b710 code [0x000001e29267b8e0, 0x000001e29267baa0]
Event: 375.892 Thread 0x000001e2e5a19e50 10900   !   1       sun.security.ssl.SSLSecretDerivation::createHkdfInfo (53 bytes)
Event: 375.892 Thread 0x000001e29c76f1f0 nmethod 10895 0x000001e292679a10 code [0x000001e292679e00, 0x000001e29267ad80]
Event: 375.892 Thread 0x000001e2e5a19e50 nmethod 10900 0x000001e292678b90 code [0x000001e292678dc0, 0x000001e292679418]
Event: 375.893 Thread 0x000001e2e5a19e50 10901       1       com.mysql.cj.protocol.a.NativeServerSession::getServerVariable (14 bytes)
Event: 375.894 Thread 0x000001e2e5a19e50 nmethod 10901 0x000001e292678810 code [0x000001e2926789c0, 0x000001e292678b00]
Event: 375.931 Thread 0x000001e2e5a19e50 10902       1       java.security.spec.NamedParameterSpec::getName (5 bytes)
Event: 375.931 Thread 0x000001e2e5a19e50 nmethod 10902 0x000001e292678510 code [0x000001e2926786a0, 0x000001e292678770]
Event: 375.937 Thread 0x000001e2e5a19e50 10903       1       sun.security.util.DisabledAlgorithmConstraints::getNamedCurveFromKey (68 bytes)
Event: 375.937 Thread 0x000001e2e5a19e50 nmethod 10903 0x000001e292677890 code [0x000001e292677ae0, 0x000001e292678200]
Event: 375.939 Thread 0x000001e2e5a19e50 10904       1       java.lang.String::valueOf (5 bytes)
Event: 375.939 Thread 0x000001e29c76f1f0 10905       1       com.mysql.cj.protocol.a.SimplePacketReader::resetMessageSequence (6 bytes)
Event: 375.939 Thread 0x000001e2e5a19e50 nmethod 10904 0x000001e292677590 code [0x000001e292677740, 0x000001e292677808]
Event: 375.939 Thread 0x000001e29c76f1f0 nmethod 10905 0x000001e292677290 code [0x000001e292677420, 0x000001e2926774e8]
Event: 385.354 Thread 0x000001e29c76f1f0 10906       1       org.apache.catalina.valves.ValveBase::backgroundProcess (1 bytes)
Event: 385.354 Thread 0x000001e29c76f1f0 nmethod 10906 0x000001e292676f90 code [0x000001e292677120, 0x000001e2926771e8]

GC Heap History (20 events):
Event: 6.155 GC heap before
{Heap before GC invocations=17 (full 0):
 garbage-first heap   total 98304K, used 76146K [0x0000000701c00000, 0x0000000800000000)
  region size 2048K, 28 young (57344K), 3 survivors (6144K)
 Metaspace       used 63088K, committed 63872K, reserved 1114112K
  class space    used 8689K, committed 9024K, reserved 1048576K
}
Event: 6.161 GC heap after
{Heap after GC invocations=18 (full 0):
 garbage-first heap   total 118784K, used 28665K [0x0000000701c00000, 0x0000000800000000)
  region size 2048K, 3 young (6144K), 3 survivors (6144K)
 Metaspace       used 63088K, committed 63872K, reserved 1114112K
  class space    used 8689K, committed 9024K, reserved 1048576K
}
Event: 6.713 GC heap before
{Heap before GC invocations=18 (full 0):
 garbage-first heap   total 118784K, used 90105K [0x0000000701c00000, 0x0000000800000000)
  region size 2048K, 34 young (69632K), 3 survivors (6144K)
 Metaspace       used 68611K, committed 69312K, reserved 1114112K
  class space    used 9530K, committed 9856K, reserved 1048576K
}
Event: 6.719 GC heap after
{Heap after GC invocations=19 (full 0):
 garbage-first heap   total 118784K, used 31085K [0x0000000701c00000, 0x0000000800000000)
  region size 2048K, 4 young (8192K), 4 survivors (8192K)
 Metaspace       used 68611K, committed 69312K, reserved 1114112K
  class space    used 9530K, committed 9856K, reserved 1048576K
}
Event: 7.173 GC heap before
{Heap before GC invocations=19 (full 0):
 garbage-first heap   total 118784K, used 92525K [0x0000000701c00000, 0x0000000800000000)
  region size 2048K, 34 young (69632K), 4 survivors (8192K)
 Metaspace       used 72419K, committed 73152K, reserved 1114112K
  class space    used 10250K, committed 10560K, reserved 1048576K
}
Event: 7.180 GC heap after
{Heap after GC invocations=20 (full 0):
 garbage-first heap   total 118784K, used 34176K [0x0000000701c00000, 0x0000000800000000)
  region size 2048K, 4 young (8192K), 4 survivors (8192K)
 Metaspace       used 72419K, committed 73152K, reserved 1114112K
  class space    used 10250K, committed 10560K, reserved 1048576K
}
Event: 12.837 GC heap before
{Heap before GC invocations=20 (full 0):
 garbage-first heap   total 118784K, used 95616K [0x0000000701c00000, 0x0000000800000000)
  region size 2048K, 34 young (69632K), 4 survivors (8192K)
 Metaspace       used 76808K, committed 77632K, reserved 1179648K
  class space    used 10883K, committed 11264K, reserved 1048576K
}
Event: 12.845 GC heap after
{Heap after GC invocations=21 (full 0):
 garbage-first heap   total 118784K, used 37109K [0x0000000701c00000, 0x0000000800000000)
  region size 2048K, 3 young (6144K), 3 survivors (6144K)
 Metaspace       used 76808K, committed 77632K, reserved 1179648K
  class space    used 10883K, committed 11264K, reserved 1048576K
}
Event: 13.170 GC heap before
{Heap before GC invocations=21 (full 0):
 garbage-first heap   total 118784K, used 69877K [0x0000000701c00000, 0x0000000800000000)
  region size 2048K, 21 young (43008K), 3 survivors (6144K)
 Metaspace       used 80133K, committed 80896K, reserved 1179648K
  class space    used 11342K, committed 11712K, reserved 1048576K
}
Event: 13.176 GC heap after
{Heap after GC invocations=22 (full 0):
 garbage-first heap   total 118784K, used 38409K [0x0000000701c00000, 0x0000000800000000)
  region size 2048K, 3 young (6144K), 3 survivors (6144K)
 Metaspace       used 80133K, committed 80896K, reserved 1179648K
  class space    used 11342K, committed 11712K, reserved 1048576K
}
Event: 13.669 GC heap before
{Heap before GC invocations=23 (full 0):
 garbage-first heap   total 118784K, used 99849K [0x0000000701c00000, 0x0000000800000000)
  region size 2048K, 34 young (69632K), 3 survivors (6144K)
 Metaspace       used 85423K, committed 86272K, reserved 1179648K
  class space    used 11871K, committed 12288K, reserved 1048576K
}
Event: 13.674 GC heap after
{Heap after GC invocations=24 (full 0):
 garbage-first heap   total 143360K, used 39714K [0x0000000701c00000, 0x0000000800000000)
  region size 2048K, 3 young (6144K), 3 survivors (6144K)
 Metaspace       used 85423K, committed 86272K, reserved 1179648K
  class space    used 11871K, committed 12288K, reserved 1048576K
}
Event: 356.456 GC heap before
{Heap before GC invocations=24 (full 0):
 garbage-first heap   total 143360K, used 111394K [0x0000000701c00000, 0x0000000800000000)
  region size 2048K, 40 young (81920K), 3 survivors (6144K)
 Metaspace       used 88729K, committed 89600K, reserved 1179648K
  class space    used 12240K, committed 12608K, reserved 1048576K
}
Event: 356.515 GC heap after
{Heap after GC invocations=25 (full 1):
 garbage-first heap   total 131072K, used 33714K [0x0000000701c00000, 0x0000000800000000)
  region size 2048K, 0 young (0K), 0 survivors (0K)
 Metaspace       used 88706K, committed 89600K, reserved 1179648K
  class space    used 12238K, committed 12608K, reserved 1048576K
}
Event: 357.555 GC heap before
{Heap before GC invocations=25 (full 1):
 garbage-first heap   total 131072K, used 111538K [0x0000000701c00000, 0x0000000800000000)
  region size 2048K, 38 young (77824K), 0 survivors (0K)
 Metaspace       used 89063K, committed 89920K, reserved 1179648K
  class space    used 12274K, committed 12672K, reserved 1048576K
}
Event: 357.559 GC heap after
{Heap after GC invocations=26 (full 1):
 garbage-first heap   total 131072K, used 39040K [0x0000000701c00000, 0x0000000800000000)
  region size 2048K, 3 young (6144K), 3 survivors (6144K)
 Metaspace       used 89063K, committed 89920K, reserved 1179648K
  class space    used 12274K, committed 12672K, reserved 1048576K
}
Event: 374.655 GC heap before
{Heap before GC invocations=27 (full 1):
 garbage-first heap   total 131072K, used 63616K [0x0000000701c00000, 0x0000000800000000)
  region size 2048K, 16 young (32768K), 3 survivors (6144K)
 Metaspace       used 88740K, committed 89984K, reserved 1179648K
  class space    used 12174K, committed 12672K, reserved 1048576K
}
Event: 374.713 GC heap after
{Heap after GC invocations=28 (full 2):
 garbage-first heap   total 122880K, used 31312K [0x0000000701c00000, 0x0000000800000000)
  region size 2048K, 0 young (0K), 0 survivors (0K)
 Metaspace       used 88730K, committed 89984K, reserved 1179648K
  class space    used 12172K, committed 12672K, reserved 1048576K
}
Event: 375.675 GC heap before
{Heap before GC invocations=28 (full 2):
 garbage-first heap   total 122880K, used 102992K [0x0000000701c00000, 0x0000000800000000)
  region size 2048K, 36 young (73728K), 0 survivors (0K)
 Metaspace       used 89032K, committed 90048K, reserved 1179648K
  class space    used 12205K, committed 12672K, reserved 1048576K
}
Event: 375.680 GC heap after
{Heap after GC invocations=29 (full 2):
 garbage-first heap   total 122880K, used 36409K [0x0000000701c00000, 0x0000000800000000)
  region size 2048K, 3 young (6144K), 3 survivors (6144K)
 Metaspace       used 89032K, committed 90048K, reserved 1179648K
  class space    used 12205K, committed 12672K, reserved 1048576K
}

Dll operation events (12 events):
Event: 0.011 Loaded shared library C:\Program Files\Java\jdk-21\bin\java.dll
Event: 0.227 Loaded shared library C:\Program Files\Java\jdk-21\bin\zip.dll
Event: 0.231 Loaded shared library C:\Program Files\Java\jdk-21\bin\instrument.dll
Event: 0.237 Loaded shared library C:\Program Files\Java\jdk-21\bin\net.dll
Event: 0.238 Loaded shared library C:\Program Files\Java\jdk-21\bin\nio.dll
Event: 0.241 Loaded shared library C:\Program Files\Java\jdk-21\bin\zip.dll
Event: 0.420 Loaded shared library C:\Program Files\Java\jdk-21\bin\jimage.dll
Event: 0.471 Loaded shared library C:\Program Files\Java\jdk-21\bin\management.dll
Event: 0.482 Loaded shared library C:\Program Files\Java\jdk-21\bin\management_ext.dll
Event: 0.705 Loaded shared library C:\Program Files\Java\jdk-21\bin\extnet.dll
Event: 0.734 Loaded shared library C:\Program Files\Java\jdk-21\bin\verify.dll
Event: 1.848 Loaded shared library C:\Program Files\Java\jdk-21\bin\sunmscapi.dll

Deoptimization events (20 events):
Event: 375.715 Thread 0x000001e2e2cbc610 DEOPT PACKING pc=0x000001e29228f40c sp=0x000000786e5fb6b0
Event: 375.715 Thread 0x000001e2e2cbc610 DEOPT UNPACKING pc=0x000001e291454e42 sp=0x000000786e5fab70 mode 1
Event: 375.718 Thread 0x000001e2e2cbc610 DEOPT PACKING pc=0x000001e29258edbc sp=0x000000786e5fb170
Event: 375.718 Thread 0x000001e2e2cbc610 DEOPT UNPACKING pc=0x000001e291454e42 sp=0x000000786e5fa6c8 mode 1
Event: 375.718 Thread 0x000001e2e2cbc610 DEOPT PACKING pc=0x000001e29228f40c sp=0x000000786e5fb280
Event: 375.718 Thread 0x000001e2e2cbc610 DEOPT UNPACKING pc=0x000001e291454e42 sp=0x000000786e5fa740 mode 1
Event: 375.718 Thread 0x000001e2e2cbc610 DEOPT PACKING pc=0x000001e29258edbc sp=0x000000786e5fb170
Event: 375.718 Thread 0x000001e2e2cbc610 DEOPT UNPACKING pc=0x000001e291454e42 sp=0x000000786e5fa6c8 mode 1
Event: 375.718 Thread 0x000001e2e2cbc610 DEOPT PACKING pc=0x000001e29228f40c sp=0x000000786e5fb280
Event: 375.718 Thread 0x000001e2e2cbc610 DEOPT UNPACKING pc=0x000001e291454e42 sp=0x000000786e5fa740 mode 1
Event: 375.723 Thread 0x000001e2e2cbc610 DEOPT PACKING pc=0x000001e291e4337c sp=0x000000786e5fb150
Event: 375.723 Thread 0x000001e2e2cbc610 DEOPT UNPACKING pc=0x000001e291454e42 sp=0x000000786e5fa660 mode 1
Event: 375.723 Thread 0x000001e2e2cbc610 DEOPT PACKING pc=0x000001e291e451f4 sp=0x000000786e5fb300
Event: 375.723 Thread 0x000001e2e2cbc610 DEOPT UNPACKING pc=0x000001e291454e42 sp=0x000000786e5fa7f0 mode 1
Event: 375.740 Thread 0x000001e2e2cbc610 DEOPT PACKING pc=0x000001e291e4337c sp=0x000000786e5fb150
Event: 375.740 Thread 0x000001e2e2cbc610 DEOPT UNPACKING pc=0x000001e291454e42 sp=0x000000786e5fa660 mode 1
Event: 375.740 Thread 0x000001e2e2cbc610 DEOPT PACKING pc=0x000001e291e451f4 sp=0x000000786e5fb300
Event: 375.740 Thread 0x000001e2e2cbc610 DEOPT UNPACKING pc=0x000001e291454e42 sp=0x000000786e5fa7f0 mode 1
Event: 394.198 Thread 0x000001e2e2cbc610 DEOPT PACKING pc=0x000001e2918427b4 sp=0x000000786e5fdb10
Event: 394.199 Thread 0x000001e2e2cbc610 DEOPT UNPACKING pc=0x000001e291454e42 sp=0x000000786e5fcfc8 mode 0

Classes loaded (20 events):
Event: 356.430 Loading class java/util/AbstractMap$2
Event: 356.430 Loading class java/util/AbstractMap$2 done
Event: 356.431 Loading class java/util/AbstractMap$2$1
Event: 356.431 Loading class java/util/AbstractMap$2$1 done
Event: 356.436 Loading class sun/security/ssl/Alert
Event: 356.436 Loading class sun/security/ssl/Alert done
Event: 356.436 Loading class sun/security/ssl/Alert$AlertConsumer
Event: 356.437 Loading class sun/security/ssl/Alert$AlertConsumer done
Event: 356.437 Loading class sun/security/ssl/Alert$Level
Event: 356.437 Loading class sun/security/ssl/Alert$Level done
Event: 356.438 Loading class sun/net/ConnectionResetException
Event: 356.438 Loading class sun/net/ConnectionResetException done
Event: 356.515 Loading class java/lang/ref/Finalizer$2
Event: 356.515 Loading class java/lang/ref/Finalizer$2 done
Event: 356.516 Loading class java/lang/ref/Finalizer$1
Event: 356.516 Loading class java/lang/ref/Finalizer$1 done
Event: 357.629 Loading class java/time/DurationEditor
Event: 357.629 Loading class java/time/DurationEditor done
Event: 375.703 Loading class java/lang/invoke/MethodHandleImpl$CountingWrapper$1
Event: 375.703 Loading class java/lang/invoke/MethodHandleImpl$CountingWrapper$1 done

Classes unloaded (20 events):
Event: 357.599 Thread 0x000001e29c740ef0 Unloading class 0x000001e29e00a800 'java/lang/invoke/LambdaForm$MH+0x000001e29e00a800'
Event: 357.599 Thread 0x000001e29c740ef0 Unloading class 0x000001e29e00a400 'java/lang/invoke/LambdaForm$MH+0x000001e29e00a400'
Event: 357.599 Thread 0x000001e29c740ef0 Unloading class 0x000001e29e009c00 'java/lang/invoke/LambdaForm$MH+0x000001e29e009c00'
Event: 357.599 Thread 0x000001e29c740ef0 Unloading class 0x000001e29e009000 'java/lang/invoke/LambdaForm$MH+0x000001e29e009000'
Event: 357.599 Thread 0x000001e29c740ef0 Unloading class 0x000001e29e008000 'java/lang/invoke/LambdaForm$MH+0x000001e29e008000'
Event: 357.599 Thread 0x000001e29c740ef0 Unloading class 0x000001e29e007c00 'java/lang/invoke/LambdaForm$MH+0x000001e29e007c00'
Event: 357.599 Thread 0x000001e29c740ef0 Unloading class 0x000001e29e007400 'java/lang/invoke/LambdaForm$MH+0x000001e29e007400'
Event: 357.599 Thread 0x000001e29c740ef0 Unloading class 0x000001e29e006c00 'java/lang/invoke/LambdaForm$MH+0x000001e29e006c00'
Event: 357.599 Thread 0x000001e29c740ef0 Unloading class 0x000001e29e006400 'java/lang/invoke/LambdaForm$MH+0x000001e29e006400'
Event: 357.599 Thread 0x000001e29c740ef0 Unloading class 0x000001e29e005c00 'java/lang/invoke/LambdaForm$MH+0x000001e29e005c00'
Event: 357.599 Thread 0x000001e29c740ef0 Unloading class 0x000001e29e005400 'java/lang/invoke/LambdaForm$MH+0x000001e29e005400'
Event: 357.599 Thread 0x000001e29c740ef0 Unloading class 0x000001e29e004000 'java/lang/invoke/LambdaForm$MH+0x000001e29e004000'
Event: 357.599 Thread 0x000001e29c740ef0 Unloading class 0x000001e29e003c00 'java/lang/invoke/LambdaForm$MH+0x000001e29e003c00'
Event: 357.599 Thread 0x000001e29c740ef0 Unloading class 0x000001e29e003800 'java/lang/invoke/LambdaForm$MH+0x000001e29e003800'
Event: 357.599 Thread 0x000001e29c740ef0 Unloading class 0x000001e29e003400 'java/lang/invoke/LambdaForm$MH+0x000001e29e003400'
Event: 374.672 Thread 0x000001e29c740ef0 Unloading class 0x000001e29ec78c00 'java/lang/invoke/LambdaForm$MH+0x000001e29ec78c00'
Event: 374.672 Thread 0x000001e29c740ef0 Unloading class 0x000001e29eb11c00 'java/lang/invoke/LambdaForm$MH+0x000001e29eb11c00'
Event: 374.672 Thread 0x000001e29c740ef0 Unloading class 0x000001e29eb11400 'java/lang/invoke/LambdaForm$MH+0x000001e29eb11400'
Event: 374.672 Thread 0x000001e29c740ef0 Unloading class 0x000001e29eb10000 'java/lang/invoke/LambdaForm$DMH+0x000001e29eb10000'
Event: 374.672 Thread 0x000001e29c740ef0 Unloading class 0x000001e29e3e9400 'java/lang/invoke/LambdaForm$MH+0x000001e29e3e9400'

Classes redefined (1 events):
Event: 394.223 Thread 0x000001e29c740ef0 redefined class name=com.rgelo.wallaswap5.controller.MensajeController, count=1

Internal exceptions (20 events):
Event: 374.641 Thread 0x000001e2e2cb63a0 Exception <a 'java/io/IOException'{0x0000000708547100}> (0x0000000708547100) 
thrown [s\open\src\hotspot\share\prims\jni.cpp, line 520]
Event: 374.642 Thread 0x000001e2e2cb63a0 Exception <a 'java/io/IOException'{0x0000000708548f38}> (0x0000000708548f38) 
thrown [s\open\src\hotspot\share\prims\jni.cpp, line 520]
Event: 374.642 Thread 0x000001e2e2cb63a0 Exception <a 'java/io/IOException'{0x0000000708549b58}> (0x0000000708549b58) 
thrown [s\open\src\hotspot\share\prims\jni.cpp, line 520]
Event: 374.642 Thread 0x000001e2e2cb63a0 Exception <a 'java/io/IOException'{0x000000070854b990}> (0x000000070854b990) 
thrown [s\open\src\hotspot\share\prims\jni.cpp, line 520]
Event: 374.643 Thread 0x000001e2e2cb63a0 Exception <a 'java/io/IOException'{0x000000070854c5b0}> (0x000000070854c5b0) 
thrown [s\open\src\hotspot\share\prims\jni.cpp, line 520]
Event: 374.643 Thread 0x000001e2e2cb63a0 Exception <a 'java/io/IOException'{0x000000070854e3e8}> (0x000000070854e3e8) 
thrown [s\open\src\hotspot\share\prims\jni.cpp, line 520]
Event: 374.644 Thread 0x000001e2e2cb63a0 Exception <a 'java/io/IOException'{0x000000070854f008}> (0x000000070854f008) 
thrown [s\open\src\hotspot\share\prims\jni.cpp, line 520]
Event: 374.644 Thread 0x000001e2e2cb63a0 Exception <a 'java/io/IOException'{0x0000000708550e40}> (0x0000000708550e40) 
thrown [s\open\src\hotspot\share\prims\jni.cpp, line 520]
Event: 374.645 Thread 0x000001e2e2cb63a0 Exception <a 'java/io/IOException'{0x0000000708551a60}> (0x0000000708551a60) 
thrown [s\open\src\hotspot\share\prims\jni.cpp, line 520]
Event: 374.645 Thread 0x000001e2e2cb63a0 Exception <a 'java/net/SocketException'{0x0000000708553870}: Connection reset by peer: shutdown> (0x0000000708553870) 
thrown [s\open\src\hotspot\share\prims\jni.cpp, line 539]
Event: 374.646 Thread 0x000001e2e2cb63a0 Exception <a 'java/io/IOException'{0x0000000708554db0}> (0x0000000708554db0) 
thrown [s\open\src\hotspot\share\prims\jni.cpp, line 520]
Event: 374.654 Thread 0x000001e2e58b89b0 Exception <a 'java/lang/InterruptedException'{0x000000070822d550}: sleep interrupted> (0x000000070822d550) 
thrown [s\open\src\hotspot\share\prims\jvm.cpp, line 3074]
Event: 374.733 Thread 0x000001e2e2cbc610 Exception <a 'sun/nio/fs/WindowsException'{0x000000070928e0e0}> (0x000000070928e0e0) 
thrown [s\open\src\hotspot\share\prims\jni.cpp, line 520]
Event: 375.134 Thread 0x000001e2e2cbc610 Exception <a 'java/lang/NoClassDefFoundError'{0x00000007079b3790}: org/flywaydb/core/Flyway> (0x00000007079b3790) 
thrown [s\open\src\hotspot\share\oops\constantPool.cpp, line 871]
Event: 375.136 Thread 0x000001e2e2cbc610 Exception <a 'java/lang/NoClassDefFoundError'{0x00000007079b3df0}: liquibase/integration/spring/SpringLiquibase> (0x00000007079b3df0) 
thrown [s\open\src\hotspot\share\oops\constantPool.cpp, line 871]
Event: 375.143 Thread 0x000001e2e2cbc610 Exception <a 'java/lang/NoClassDefFoundError'{0x0000000707634478}: org/jooq/DSLContext> (0x0000000707634478) 
thrown [s\open\src\hotspot\share\oops\constantPool.cpp, line 871]
Event: 375.145 Thread 0x000001e2e2cbc610 Exception <a 'java/lang/NoClassDefFoundError'{0x0000000707643158}: org/springframework/batch/core/repository/JobRepository> (0x0000000707643158) 
thrown [s\open\src\hotspot\share\oops\constantPool.cpp, line 871]
Event: 375.147 Thread 0x000001e2e2cbc610 Exception <a 'java/lang/NoClassDefFoundError'{0x00000007076437b0}: org/quartz/Scheduler> (0x00000007076437b0) 
thrown [s\open\src\hotspot\share\oops\constantPool.cpp, line 871]
Event: 375.148 Thread 0x000001e2e2cbc610 Exception <a 'java/lang/NoClassDefFoundError'{0x0000000707643e80}: org/springframework/session/jdbc/JdbcIndexedSessionRepository> (0x0000000707643e80) 
thrown [s\open\src\hotspot\share\oops\constantPool.cpp, line 871]
Event: 375.218 Thread 0x000001e2e2cbc610 Exception <a 'java/io/FileNotFoundException'{0x00000007071b38e0}> (0x00000007071b38e0) 
thrown [s\open\src\hotspot\share\prims\jni.cpp, line 520]

ZGC Phase Switch (0 events):
No events

VM Operations (20 events):
Event: 379.105 Executing VM operation: get/set locals done
Event: 379.106 Executing VM operation: get/set locals
Event: 379.106 Executing VM operation: get/set locals done
Event: 379.107 Executing VM operation: get/set locals
Event: 379.107 Executing VM operation: get/set locals done
Event: 379.108 Executing VM operation: get/set locals
Event: 379.108 Executing VM operation: get/set locals done
Event: 379.109 Executing VM operation: get/set locals
Event: 379.109 Executing VM operation: get/set locals done
Event: 379.109 Executing VM operation: get/set locals
Event: 379.109 Executing VM operation: get/set locals done
Event: 394.198 Executing VM operation: ChangeSingleStep
Event: 394.198 Executing VM operation: ChangeSingleStep done
Event: 394.199 Executing VM operation: ChangeSingleStep
Event: 394.199 Executing VM operation: ChangeSingleStep done
Event: 394.215 Executing VM operation: RedefineClasses
Event: 394.249 Executing VM operation: RedefineClasses done
Event: 394.252 Executing VM operation: ChangeSingleStep
Event: 394.252 Executing VM operation: ChangeSingleStep done
Event: 394.257 Executing VM operation: GetObjectMonitorUsage

Events (20 events):
Event: 374.812 Thread 0x000001e2e2cb9190 Thread added: 0x000001e2e2cb9190
Event: 374.857 Thread 0x000001e2e2cb9190 Thread exited: 0x000001e2e2cb9190
Event: 375.350 Thread 0x000001e2e2cbabd0 Thread added: 0x000001e2e2cbabd0
Event: 375.350 Thread 0x000001e2e2cb8470 Thread added: 0x000001e2e2cb8470
Event: 375.350 Thread 0x000001e2e2cb9190 Thread added: 0x000001e2e2cb9190
Event: 375.350 Thread 0x000001e2e2cb63a0 Thread added: 0x000001e2e2cb63a0
Event: 375.350 Thread 0x000001e2e2cb70c0 Thread added: 0x000001e2e2cb70c0
Event: 375.351 Thread 0x000001e2e2cb8b00 Thread added: 0x000001e2e2cb8b00
Event: 375.351 Thread 0x000001e2e2cb9eb0 Thread added: 0x000001e2e2cb9eb0
Event: 375.351 Thread 0x000001e2e2cbbf80 Thread added: 0x000001e2e2cbbf80
Event: 375.351 Thread 0x000001e2e2cb7750 Thread added: 0x000001e2e2cb7750
Event: 375.351 Thread 0x000001e2e2cb5d10 Thread added: 0x000001e2e2cb5d10
Event: 375.351 Thread 0x000001e2e2cbb260 Thread added: 0x000001e2e2cbb260
Event: 375.351 Thread 0x000001e2e2cb7de0 Thread added: 0x000001e2e2cb7de0
Event: 375.352 Thread 0x000001e2e2cb9820 Thread added: 0x000001e2e2cb9820
Event: 375.417 Thread 0x000001e2e2cb5680 Thread added: 0x000001e2e2cb5680
Event: 375.510 Thread 0x000001e2e5a19e50 Thread added: 0x000001e2e5a19e50
Event: 375.534 Thread 0x000001e2e2cbcca0 Thread added: 0x000001e2e2cbcca0
Event: 380.951 Thread 0x000001e2e5a19e50 Thread exited: 0x000001e2e5a19e50
Event: 380.982 Thread 0x000001e2e2cbcca0 Thread exited: 0x000001e2e2cbcca0


Dynamic libraries:
0x00007ff78f170000 - 0x00007ff78f180000 	C:\Program Files\Java\jdk-21\bin\javaw.exe
0x00007ffac9f50000 - 0x00007ffaca148000 	C:\Windows\SYSTEM32\ntdll.dll
0x00007ffac8f60000 - 0x00007ffac901d000 	C:\Windows\System32\KERNEL32.DLL
0x00007ffac76b0000 - 0x00007ffac79a6000 	C:\Windows\System32\KERNELBASE.dll
0x00007ffac7b40000 - 0x00007ffac7c40000 	C:\Windows\System32\ucrtbase.dll
0x00007ffa9cce0000 - 0x00007ffa9ccfb000 	C:\Program Files\Java\jdk-21\bin\VCRUNTIME140.dll
0x00007ffa92ec0000 - 0x00007ffa92ed9000 	C:\Program Files\Java\jdk-21\bin\jli.dll
0x00007ffac80a0000 - 0x00007ffac8150000 	C:\Windows\System32\ADVAPI32.dll
0x00007ffac9020000 - 0x00007ffac90be000 	C:\Windows\System32\msvcrt.dll
0x00007ffac8630000 - 0x00007ffac86d0000 	C:\Windows\System32\sechost.dll
0x00007ffac9ca0000 - 0x00007ffac9dc3000 	C:\Windows\System32\RPCRT4.dll
0x00007ffac7c40000 - 0x00007ffac7c67000 	C:\Windows\System32\bcrypt.dll
0x00007ffac82e0000 - 0x00007ffac847f000 	C:\Windows\System32\USER32.dll
0x00007ffac7b10000 - 0x00007ffac7b32000 	C:\Windows\System32\win32u.dll
0x00007ffab09d0000 - 0x00007ffab0c6a000 	C:\Windows\WinSxS\amd64_microsoft.windows.common-controls_6595b64144ccf1df_6.0.19041.4355_none_60b8b9eb71f62e16\COMCTL32.dll
0x00007ffac9800000 - 0x00007ffac982b000 	C:\Windows\System32\GDI32.dll
0x00007ffac7de0000 - 0x00007ffac7ef7000 	C:\Windows\System32\gdi32full.dll
0x00007ffac7610000 - 0x00007ffac76ad000 	C:\Windows\System32\msvcp_win.dll
0x00007ffabf8b0000 - 0x00007ffabf8ba000 	C:\Windows\SYSTEM32\VERSION.dll
0x00007ffac7f90000 - 0x00007ffac7fbf000 	C:\Windows\System32\IMM32.DLL
0x00007ffabd890000 - 0x00007ffabd89c000 	C:\Program Files\Java\jdk-21\bin\vcruntime140_1.dll
0x00007ffa4ff70000 - 0x00007ffa4fffe000 	C:\Program Files\Java\jdk-21\bin\msvcp140.dll
0x00007ffa48980000 - 0x00007ffa49697000 	C:\Program Files\Java\jdk-21\bin\server\jvm.dll
0x00007ffac86d0000 - 0x00007ffac873b000 	C:\Windows\System32\WS2_32.dll
0x00007ffac6b90000 - 0x00007ffac6bdb000 	C:\Windows\SYSTEM32\POWRPROF.dll
0x00007ffabd4b0000 - 0x00007ffabd4d7000 	C:\Windows\SYSTEM32\WINMM.dll
0x00007ffac6a00000 - 0x00007ffac6a12000 	C:\Windows\SYSTEM32\UMPDC.dll
0x00007ffac53b0000 - 0x00007ffac53c2000 	C:\Windows\SYSTEM32\kernel.appcore.dll
0x00007ffa92eb0000 - 0x00007ffa92eba000 	C:\Program Files\Java\jdk-21\bin\jimage.dll
0x00007ffabed60000 - 0x00007ffabef44000 	C:\Windows\SYSTEM32\DBGHELP.DLL
0x00007ffabed00000 - 0x00007ffabed34000 	C:\Windows\SYSTEM32\dbgcore.DLL
0x00007ffac7f00000 - 0x00007ffac7f82000 	C:\Windows\System32\bcryptPrimitives.dll
0x00007ffa9cd70000 - 0x00007ffa9cdac000 	C:\Program Files\Java\jdk-21\bin\jdwp.dll
0x00007ffac2260000 - 0x00007ffac226f000 	C:\Program Files\Java\jdk-21\bin\instrument.dll
0x00007ffa53d20000 - 0x00007ffa53d3f000 	C:\Program Files\Java\jdk-21\bin\java.dll
0x00007ffac87f0000 - 0x00007ffac8f5c000 	C:\Windows\System32\SHELL32.dll
0x00007ffac5690000 - 0x00007ffac5e2d000 	C:\Windows\SYSTEM32\windows.storage.dll
0x00007ffac9380000 - 0x00007ffac96d3000 	C:\Windows\System32\combase.dll
0x00007ffac7030000 - 0x00007ffac705e000 	C:\Windows\SYSTEM32\Wldp.dll
0x00007ffac90c0000 - 0x00007ffac918d000 	C:\Windows\System32\OLEAUT32.dll
0x00007ffac9270000 - 0x00007ffac931d000 	C:\Windows\System32\SHCORE.dll
0x00007ffac8280000 - 0x00007ffac82d5000 	C:\Windows\System32\shlwapi.dll
0x00007ffac7540000 - 0x00007ffac7564000 	C:\Windows\SYSTEM32\profapi.dll
0x00007ffac2180000 - 0x00007ffac218c000 	C:\Program Files\Java\jdk-21\bin\dt_socket.dll
0x00007ffac6a20000 - 0x00007ffac6a5b000 	C:\Windows\SYSTEM32\IPHLPAPI.DLL
0x00007ffac6d90000 - 0x00007ffac6dfa000 	C:\Windows\system32\mswsock.dll
0x00007ffac6a70000 - 0x00007ffac6b3a000 	C:\Windows\SYSTEM32\DNSAPI.dll
0x00007ffac9260000 - 0x00007ffac9268000 	C:\Windows\System32\NSI.dll
0x00007ffabf710000 - 0x00007ffabf71a000 	C:\Windows\System32\rasadhlp.dll
0x00007ffabd660000 - 0x00007ffabd6e0000 	C:\Windows\System32\fwpuclnt.dll
0x00007ffa53d00000 - 0x00007ffa53d18000 	C:\Program Files\Java\jdk-21\bin\zip.dll
0x00007ffa56200000 - 0x00007ffa56210000 	C:\Program Files\Java\jdk-21\bin\net.dll
0x00007ffabf580000 - 0x00007ffabf68a000 	C:\Windows\SYSTEM32\WINHTTP.dll
0x00007ffa53ce0000 - 0x00007ffa53cf6000 	C:\Program Files\Java\jdk-21\bin\nio.dll
0x00007ffac21e0000 - 0x00007ffac21ea000 	C:\Program Files\Java\jdk-21\bin\management.dll
0x00007ffac2190000 - 0x00007ffac219b000 	C:\Program Files\Java\jdk-21\bin\management_ext.dll
0x00007ffac87c0000 - 0x00007ffac87c8000 	C:\Windows\System32\PSAPI.DLL
0x00007ffaaa0a0000 - 0x00007ffaaa0b7000 	C:\Windows\system32\napinsp.dll
0x00007ffaa3b30000 - 0x00007ffaa3b4b000 	C:\Windows\system32\pnrpnsp.dll
0x00007ffac3850000 - 0x00007ffac3865000 	C:\Windows\system32\wshbth.dll
0x00007ffac1300000 - 0x00007ffac131d000 	C:\Windows\system32\NLAapi.dll
0x00007ffaa3b10000 - 0x00007ffaa3b22000 	C:\Windows\System32\winrnr.dll
0x00007ffac6f90000 - 0x00007ffac6fa8000 	C:\Windows\SYSTEM32\CRYPTSP.dll
0x00007ffac6640000 - 0x00007ffac6674000 	C:\Windows\system32\rsaenh.dll
0x00007ffac74b0000 - 0x00007ffac74de000 	C:\Windows\SYSTEM32\USERENV.dll
0x00007ffac6f80000 - 0x00007ffac6f8c000 	C:\Windows\SYSTEM32\CRYPTBASE.dll
0x00007ffac2200000 - 0x00007ffac2209000 	C:\Program Files\Java\jdk-21\bin\extnet.dll
0x00007ffac2250000 - 0x00007ffac2260000 	C:\Program Files\Java\jdk-21\bin\verify.dll
0x00007ffac2210000 - 0x00007ffac221e000 	C:\Program Files\Java\jdk-21\bin\sunmscapi.dll
0x00007ffac79b0000 - 0x00007ffac7b0e000 	C:\Windows\System32\CRYPT32.dll
0x00007ffac70a0000 - 0x00007ffac70c9000 	C:\Windows\SYSTEM32\ncrypt.dll
0x00007ffac7060000 - 0x00007ffac709b000 	C:\Windows\SYSTEM32\NTASN1.dll
0x00007ffaa3df0000 - 0x00007ffaa3df7000 	C:\Windows\system32\wshunix.dll

dbghelp: loaded successfully - version: 4.0.5 - missing functions: none
symbol engine: initialized successfully - sym options: 0x614 - pdb path: .;C:\Program Files\Java\jdk-21\bin;C:\Windows\SYSTEM32;C:\Windows\WinSxS\amd64_microsoft.windows.common-controls_6595b64144ccf1df_6.0.19041.4355_none_60b8b9eb71f62e16;C:\Program Files\Java\jdk-21\bin\server

VM Arguments:
jvm_args: -XX:+ShowCodeDetailsInExceptionMessages -agentlib:jdwp=transport=dt_socket,suspend=y,address=localhost:57720 -Dcom.sun.management.jmxremote -Dcom.sun.management.jmxremote.port=57719 -Dcom.sun.management.jmxremote.authenticate=false -Dcom.sun.management.jmxremote.ssl=false -Djava.rmi.server.hostname=localhost -Dspring.jmx.enabled=true -Dmanagement.endpoints.jmx.exposure.include=* -Dspring.application.admin.enabled=true -XX:TieredStopAtLevel=1 -Dspring.boot.project.name=WallaSwap5 -javaagent:D:\TFG_TECH\jee-2024-03\eclipse\configuration\org.eclipse.osgi\442\0\.cp\lib\javaagent-shaded.jar -Dfile.encoding=UTF-8 -Dstdout.encoding=UTF-8 -Dstderr.encoding=UTF-8 
java_command: com.rgelo.wallaswap5.WallaSwap5Application --spring.output.ansi.enabled=always
java_class_path (initial): D:\TFG_TECH\eclipse\WallaSwap5\target\classes;C:\Users\ferna\.m2\repository\org\springframework\boot\spring-boot-starter-data-jpa\3.3.0\spring-boot-starter-data-jpa-3.3.0.jar;C:\Users\ferna\.m2\repository\org\springframework\boot\spring-boot-starter-aop\3.3.0\spring-boot-starter-aop-3.3.0.jar;C:\Users\ferna\.m2\repository\org\aspectj\aspectjweaver\1.9.22\aspectjweaver-1.9.22.jar;C:\Users\ferna\.m2\repository\org\springframework\boot\spring-boot-starter-jdbc\3.3.0\spring-boot-starter-jdbc-3.3.0.jar;C:\Users\ferna\.m2\repository\com\zaxxer\HikariCP\5.1.0\HikariCP-5.1.0.jar;C:\Users\ferna\.m2\repository\org\springframework\spring-jdbc\6.1.8\spring-jdbc-6.1.8.jar;C:\Users\ferna\.m2\repository\org\hibernate\orm\hibernate-core\6.5.2.Final\hibernate-core-6.5.2.Final.jar;C:\Users\ferna\.m2\repository\jakarta\persistence\jakarta.persistence-api\3.1.0\jakarta.persistence-api-3.1.0.jar;C:\Users\ferna\.m2\repository\jakarta\transaction\jakarta.transaction-api\2.0.1\jakarta.transaction-api-2.0.1.jar;C:\Users\ferna\.m2\repository\org\jboss\logging\jboss-logging\3.5.3.Final\jboss-logging-3.5.3.Final.jar;C:\Users\ferna\.m2\repository\org\hibernate\common\hibernate-commons-annotations\6.0.6.Final\hibernate-commons-annotations-6.0.6.Final.jar;C:\Users\ferna\.m2\repository\io\smallrye\jandex\3.1.2\jandex-3.1.2.jar;C:\Users\ferna\.m2\repository\com\fasterxml\classmate\1.7.0\classmate-1.7.0.jar;C:\Users\ferna\.m2\repository\net\bytebuddy\byte-buddy\1.14.16\byte-buddy-1.14.16.jar;C:\Users\ferna\.m2\repository\org\glassfish\jaxb\jaxb-runtime\4.0.5\jaxb-runtime-4.0.5.jar;C:\Users\ferna\.m2\repository\org\glassfish\jaxb\jaxb-core\4.0.5\jaxb-core-4.0.5.jar;C:\Users\ferna\.m2\repository\org\eclipse\angus\angus-activation\2.0.2\angus-activation-2.0.2.jar;C:\Users\ferna\.m2\repository\org\glassfish\jaxb\txw2\4.0.5\txw2-4.0.5.jar;C:\Users\ferna\.m2\repository\com\sun\istack\istack-commons-runtime\4.1.2\istack-commons-runtime-4.1.2.jar;C:\Users\ferna\.m2\repository\jakarta\inject\jakarta.inject-api\2.0.1\jakarta.inject-api-2.0.1.jar;C:\Users\ferna\.m2\repository\org\antlr\antlr4-runtime\4.13.0\antlr4-runtime-4.13.0.jar;C:\Users\ferna\.m2\repository\org\springframework\data\spring-data-jpa\3.3.0\spring-data-jpa-3.3.0.jar;C:\Users\ferna\.m2\repository\org\springframework\data\spring-data-commons\3.3.0\spring-data-commons-3.3.0.jar;C:\Users\ferna\.m2\repository\org\springframework\spring-orm\6.1.8\spring-orm-6.1.8.jar;C:\Users\ferna\.m2\repository\org\springframework\spring-context\6.1.8\spring-context-6.1.8.jar;C:\Users\ferna\.m2\repository\org\springframework\spring-tx\6.1.8\spring-tx-6.1.8.jar;C:\Users\ferna\.m2\repository\org\springframework\spring-beans\6.1.8\spring-beans-6.1.8.jar;C:\Users\ferna\.m2\repository\jakarta\annotation\jakarta.annotation-api\2.1.1\jakarta.annotation-api-2.1.1.jar;C:\Users\ferna\.m2\repository\org\slf4j\slf4j-api\2.0.13\slf4j-api-2.0.13.jar;C:\Users\ferna\.m2\repository\org\springframework\spring-aspects\6.1.8\spring-aspects-6.1.8.jar;C:\Users\ferna\.m2\repository\org\springframework\boot\spring-boot-starter-web\3.3.0\spring-boot-starter-web-3.3.0.jar;C:\Users\ferna\.m2\repository\org\springframework\boot\spring-boot-starter\3.3.0\spring-boot-starter-3.3.0.jar;C:\Users\ferna\.m2\repository\org\springframework\boot\spring-boot-starter-logging\3.3.0\spring-boot-starter-logging-3.3.0.jar;C:\Users\ferna\.m2\repository\ch\qos\logback\logback-classic\1.5.6\logback-classic-1.5.6.jar;C:\Users\ferna\.m2\repository\ch\qos\logback\logback-core\1.5.6\logback-core-1.5.6.jar;C:\Users\ferna\.m2\repository\org\apache\logging\log4j\log4j-to-slf4j\2.23.1\log4j-to-slf4j-2.23.1.jar;C:\Users\ferna\.m2\repository\org\apache\logging\log4j\log4j-api\2.23.1\log4j-api-2.23.1.jar;C:\Users\ferna\.m2\repository\org\slf4j\jul-to-slf4j\2.0.13\jul-to-slf4j-2.0.13.jar;C:\Users\ferna\.m2\repository\org\yaml\snakeyaml\2.2\snakeyaml-2.2.jar;C:\Users\ferna\.m2\repository\org\springframework\boot\spring-boot-starter-json\3.3.0\spring-boot-starter-json-3.3.0.jar;C:\Users\ferna\.m2\repository\com\fasterxml\jackson\core\jackson-databind\2.17.1\jackson-databind-2.17.1.jar;C:\Users\ferna\.m2\repository\com\fasterxml\jackson\core\jackson-annotations\2.17.1\jackson-annotations-2.17.1.jar;C:\Users\ferna\.m2\repository\com\fasterxml\jackson\core\jackson-core\2.17.1\jackson-core-2.17.1.jar;C:\Users\ferna\.m2\repository\com\fasterxml\jackson\datatype\jackson-datatype-jdk8\2.17.1\jackson-datatype-jdk8-2.17.1.jar;C:\Users\ferna\.m2\repository\com\fasterxml\jackson\datatype\jackson-datatype-jsr310\2.17.1\jackson-datatype-jsr310-2.17.1.jar;C:\Users\ferna\.m2\repository\com\fasterxml\jackson\module\jackson-module-parameter-names\2.17.1\jackson-module-parameter-names-2.17.1.jar;C:\Users\ferna\.m2\repository\org\springframework\boot\spring-boot-starter-tomcat\3.3.0\spring-boot-starter-tomcat-3.3.0.jar;C:\Users\ferna\.m2\repository\org\apache\tomcat\embed\tomcat-embed-websocket\10.1.24\tomcat-embed-websocket-10.1.24.jar;C:\Users\ferna\.m2\repository\org\springframework\spring-web\6.1.8\spring-web-6.1.8.jar;C:\Users\ferna\.m2\repository\io\micrometer\micrometer-observation\1.13.0\micrometer-observation-1.13.0.jar;C:\Users\ferna\.m2\repository\io\micrometer\micrometer-commons\1.13.0\micrometer-commons-1.13.0.jar;C:\Users\ferna\.m2\repository\org\springframework\spring-webmvc\6.1.8\spring-webmvc-6.1.8.jar;C:\Users\ferna\.m2\repository\org\springframework\spring-expression\6.1.8\spring-expression-6.1.8.jar;C:\Users\ferna\.m2\repository\org\springframework\boot\spring-boot-devtools\3.3.0\spring-boot-devtools-3.3.0.jar;C:\Users\ferna\.m2\repository\org\springframework\boot\spring-boot\3.3.0\spring-boot-3.3.0.jar;C:\Users\ferna\.m2\repository\org\springframework\boot\spring-boot-autoconfigure\3.3.0\spring-boot-autoconfigure-3.3.0.jar;C:\Users\ferna\.m2\repository\com\mysql\mysql-connector-j\8.3.0\mysql-connector-j-8.3.0.jar;C:\Users\ferna\.m2\repository\jakarta\xml\bind\jakarta.xml.bind-api\4.0.2\jakarta.xml.bind-api-4.0.2.jar;C:\Users\ferna\.m2\repository\jakarta\activation\jakarta.activation-api\2.1.3\jakarta.activation-api-2.1.3.jar;C:\Users\ferna\.m2\repository\org\springframework\spring-core\6.1.8\spring-core-6.1.8.jar;C:\Users\ferna\.m2\repository\org\springframework\spring-jcl\6.1.8\spring-jcl-6.1.8.jar;C:\Users\ferna\.m2\repository\org\projectlombok\lombok\1.18.32\lombok-1.18.32.jar;C:\Users\ferna\.m2\repository\org\springframework\boot\spring-boot-starter-security\3.3.0\spring-boot-starter-security-3.3.0.jar;C:\Users\ferna\.m2\repository\org\springframework\spring-aop\6.1.8\spring-aop-6.1.8.jar;C:\Users\ferna\.m2\repository\org\springframework\security\spring-security-config\6.3.0\spring-security-config-6.3.0.jar;C:\Users\ferna\.m2\repository\org\springframework\security\spring-security-core\6.3.0\spring-security-core-6.3.0.jar;C:\Users\ferna\.m2\repository\org\springframework\security\spring-security-crypto\6.3.0\spring-security-crypto-6.3.0.jar;C:\Users\ferna\.m2\repository\org\springframework\security\spring-security-web\6.3.0\spring-security-web-6.3.0.jar;C:\Users\ferna\.m2\repository\org\apache\tomcat\embed\tomcat-embed-jasper\10.1.24\tomcat-embed-jasper-10.1.24.jar;C:\Users\ferna\.m2\repository\org\apache\tomcat\embed\tomcat-embed-core\10.1.24\tomcat-embed-core-10.1.24.jar;C:\Users\ferna\.m2\repository\org\apache\tomcat\tomcat-annotations-api\10.1.24\tomcat-annotations-api-10.1.24.jar;C:\Users\ferna\.m2\repository\org\apache\tomcat\embed\tomcat-embed-el\10.1.24\tomcat-embed-el-10.1.24.jar;C:\Users\ferna\.m2\repository\org\eclipse\jdt\ecj\3.33.0\ecj-3.33.0.jar;C:\Users\ferna\.m2\repository\jakarta\servlet\jakarta.servlet-api\6.0.0\jakarta.servlet-api-6.0.0.jar;C:\Users\ferna\.m2\repository\jakarta\servlet\jsp\jstl\jakarta.servlet.jsp.jstl-api\3.0.0\jakarta.servlet.jsp.jstl-api-3.0.0.jar;C:\Users\ferna\.m2\repository\jakarta\el\jakarta.el-api\5.0.0\jakarta.el-api-5.0.0.jar;C:\Users\ferna\.m2\repository\org\glassfish\web\jakarta.servlet.jsp.jstl\3.0.1\jakarta.servlet.jsp.jstl-3.0.1.jar
Launcher Type: SUN_STANDARD

[Global flags]
     intx CICompilerCount                          = 4                                         {product} {ergonomic}
     uint ConcGCThreads                            = 2                                         {product} {ergonomic}
     uint G1ConcRefinementThreads                  = 8                                         {product} {ergonomic}
   size_t G1HeapRegionSize                         = 2097152                                   {product} {ergonomic}
    uintx GCDrainStackTargetSize                   = 64                                        {product} {ergonomic}
   size_t InitialHeapSize                          = 268435456                                 {product} {ergonomic}
     bool ManagementServer                         = true                                      {product} {command line}
   size_t MarkStackSize                            = 4194304                                   {product} {ergonomic}
   size_t MaxHeapSize                              = 4265607168                                {product} {ergonomic}
   size_t MaxNewSize                               = 2558525440                                {product} {ergonomic}
   size_t MinHeapDeltaBytes                        = 2097152                                   {product} {ergonomic}
   size_t MinHeapSize                              = 8388608                                   {product} {ergonomic}
    uintx NonNMethodCodeHeapSize                   = 4096                                   {pd product} {ergonomic}
    uintx NonProfiledCodeHeapSize                  = 0                                      {pd product} {ergonomic}
     bool PerfDisableSharedMem                     = true                                      {product} {ergonomic}
     bool ProfileInterpreter                       = false                                  {pd product} {command line}
    uintx ProfiledCodeHeapSize                     = 0                                      {pd product} {ergonomic}
     bool ShowCodeDetailsInExceptionMessages       = true                                   {manageable} {command line}
   size_t SoftMaxHeapSize                          = 4265607168                             {manageable} {ergonomic}
     intx TieredStopAtLevel                        = 1                                         {product} {command line}
     bool UseCompressedOops                        = true                           {product lp64_product} {ergonomic}
     bool UseG1GC                                  = true                                      {product} {ergonomic}
     bool UseLargePagesIndividualAllocation        = false                                  {pd product} {ergonomic}

Logging:
Log output configuration:
 #0: stdout all=warning uptime,level,tags foldmultilines=false
 #1: stderr all=off uptime,level,tags foldmultilines=false

Environment Variables:
PATH=C:\Program Files\Common Files\Oracle\Java\javapath;C:\Program Files (x86)\VMware\VMware Player\bin\;C:\Program Files (x86)\Intel\iCLS Client\;C:\Program Files\Intel\iCLS Client\;C:\Windows\system32;C:\Windows;C:\Windows\System32\Wbem;C:\Windows\System32\WindowsPowerShell\v1.0\;C:\Windows\System32\OpenSSH\;C:\Program Files (x86)\Intel\Intel(R) Management Engine Components\DAL;C:\Program Files\Intel\Intel(R) Management Engine Components\DAL;C:\Program Files (x86)\Intel\Intel(R) Management Engine Components\IPT;C:\Program Files\Intel\Intel(R) Management Engine Components\IPT;C:\Program Files (x86)\NVIDIA Corporation\PhysX\Common;C:\Program Files\NVIDIA Corporation\NVIDIA NvDLISR;C:\Windows\system32;C:\Windows;C:\Windows\System32\Wbem;C:\Windows\System32\WindowsPowerShell\v1.0\;C:\Windows\System32\OpenSSH\;C:\Program Files\AutoFirma\AutoFirma;C:\Program Files\MySQL\MySQL Shell 8.0\bin\;C:\Users\ferna\AppData\Local\Microsoft\WindowsApps;C:\Users\ferna\AppData\Local\Programs\Microsoft VS Code\bin
USERNAME=ferna
OS=Windows_NT
PROCESSOR_IDENTIFIER=Intel64 Family 6 Model 94 Stepping 3, GenuineIntel
TMP=C:\Users\ferna\AppData\Local\Temp
TEMP=C:\Users\ferna\AppData\Local\Temp




Periodic native trim disabled

---------------  S Y S T E M  ---------------

OS:
 Windows 10 , 64 bit Build 19041 (10.0.19041.3636)
OS uptime: 5 days 2:19 hours

CPU: total 8 (initial active 8) (4 cores per cpu, 2 threads per core) family 6 model 94 stepping 3 microcode 0xcc, cx8, cmov, fxsr, ht, mmx, 3dnowpref, sse, sse2, sse3, ssse3, sse4.1, sse4.2, popcnt, lzcnt, tsc, tscinvbit, avx, avx2, aes, erms, clmul, bmi1, bmi2, rtm, adx, fma, vzeroupper, clflush, clflushopt, rdtscp, f16c
Processor Information for all 8 processors :
  Max Mhz: 2601, Current Mhz: 2601, Mhz Limit: 2601

Memory: 4k page, system-wide physical 16270M (6658M free)
TotalPageFile size 18294M (AvailPageFile size 4698M)
current process WorkingSet (physical memory assigned to process): 328M, peak: 348M
current process commit charge ("private bytes"): 368M, peak: 399M

vm_info: Java HotSpot(TM) 64-Bit Server VM (21.0.2+13-LTS-58) for windows-amd64 JRE (21.0.2+13-LTS-58), built on 2024-01-05T18:32:24Z by "mach5one" with MS VC++ 17.1 (VS2022)

END.
